c:\users\angel\documents\github\engine\dusk-comet-engine\rpg game\debug\duskcomet.pdb
c:\users\angel\documents\github\engine\dusk-comet-engine\rpg game\debug\duskcomet.idb
c:\users\angel\documents\github\engine\dusk-comet-engine\duskcomet\debug\console.obj
c:\users\angel\documents\github\engine\dusk-comet-engine\duskcomet\debug\datetime.obj
c:\users\angel\documents\github\engine\dusk-comet-engine\duskcomet\debug\pakfilesystem.obj
c:\users\angel\documents\github\engine\dusk-comet-engine\duskcomet\debug\pak.obj
c:\users\angel\documents\github\engine\dusk-comet-engine\duskcomet\debug\zlib.obj
c:\users\angel\documents\github\engine\dusk-comet-engine\duskcomet\debug\sha256.obj
c:\users\angel\documents\github\engine\dusk-comet-engine\duskcomet\debug\binarywriter.obj
c:\users\angel\documents\github\engine\dusk-comet-engine\duskcomet\debug\binaryreader.obj
c:\users\angel\documents\github\engine\dusk-comet-engine\duskcomet\debug\gamewindow.obj
c:\users\angel\documents\github\engine\dusk-comet-engine\duskcomet\debug\pakfileformat.obj
c:\users\angel\documents\github\engine\dusk-comet-engine\duskcomet\debug\event.obj
c:\users\angel\documents\github\engine\dusk-comet-engine\duskcomet\debug\textbox.obj
c:\users\angel\documents\github\engine\dusk-comet-engine\duskcomet\debug\panel.obj
c:\users\angel\documents\github\engine\dusk-comet-engine\duskcomet\debug\form.obj
c:\users\angel\documents\github\engine\dusk-comet-engine\duskcomet\debug\checkbox.obj
c:\users\angel\documents\github\engine\dusk-comet-engine\duskcomet\debug\button.obj
c:\users\angel\documents\github\engine\dusk-comet-engine\duskcomet\debug\game.obj
c:\users\angel\documents\github\engine\dusk-comet-engine\rpg game\debug\duskcomet.lib
c:\users\angel\documents\github\engine\dusk-comet-engine\duskcomet\debug\duskcomet.tlog\cl.command.1.tlog
c:\users\angel\documents\github\engine\dusk-comet-engine\duskcomet\debug\duskcomet.tlog\cl.read.1.tlog
c:\users\angel\documents\github\engine\dusk-comet-engine\duskcomet\debug\duskcomet.tlog\cl.write.1.tlog
c:\users\angel\documents\github\engine\dusk-comet-engine\duskcomet\debug\duskcomet.tlog\lib-link.read.1.tlog
c:\users\angel\documents\github\engine\dusk-comet-engine\duskcomet\debug\duskcomet.tlog\lib-link.write.1.tlog
c:\users\angel\documents\github\engine\dusk-comet-engine\duskcomet\debug\duskcomet.tlog\lib.command.1.tlog
