  BinaryReaderW.cpp
  BinaryWriterW.cpp
  zlibW.cpp
  dllmain.cpp
  Generating Code...
     Creating library C:\Users\angel\Documents\GitHub\Engine\Dusk-Comet-Engine\Dusk Comet Engine API Wrapper\Debug\Dusk Comet Engine API Wrapper.lib and object C:\Users\angel\Documents\GitHub\Engine\Dusk-Comet-Engine\Dusk Comet Engine API Wrapper\Debug\Dusk Comet Engine API Wrapper.exp
DuskComet.lib(Game.obj) : warning LNK4099: PDB 'DuskComet.pdb' was not found with 'DuskComet.lib(Game.obj)' or at 'C:\Users\angel\Documents\GitHub\Engine\Dusk-Comet-Engine\Dusk Comet Engine API Wrapper\Debug\DuskComet.pdb'; linking object as if no debug info
DuskComet.lib(Button.obj) : warning LNK4099: PDB 'DuskComet.pdb' was not found with 'DuskComet.lib(Button.obj)' or at 'C:\Users\angel\Documents\GitHub\Engine\Dusk-Comet-Engine\Dusk Comet Engine API Wrapper\Debug\DuskComet.pdb'; linking object as if no debug info
DuskComet.lib(Panel.obj) : warning LNK4099: PDB 'DuskComet.pdb' was not found with 'DuskComet.lib(Panel.obj)' or at 'C:\Users\angel\Documents\GitHub\Engine\Dusk-Comet-Engine\Dusk Comet Engine API Wrapper\Debug\DuskComet.pdb'; linking object as if no debug info
DuskComet.lib(BinaryReader.obj) : warning LNK4099: PDB 'DuskComet.pdb' was not found with 'DuskComet.lib(BinaryReader.obj)' or at 'C:\Users\angel\Documents\GitHub\Engine\Dusk-Comet-Engine\Dusk Comet Engine API Wrapper\Debug\DuskComet.pdb'; linking object as if no debug info
DuskComet.lib(BinaryWriter.obj) : warning LNK4099: PDB 'DuskComet.pdb' was not found with 'DuskComet.lib(BinaryWriter.obj)' or at 'C:\Users\angel\Documents\GitHub\Engine\Dusk-Comet-Engine\Dusk Comet Engine API Wrapper\Debug\DuskComet.pdb'; linking object as if no debug info
DuskComet.lib(PakFileFormat.obj) : warning LNK4099: PDB 'DuskComet.pdb' was not found with 'DuskComet.lib(PakFileFormat.obj)' or at 'C:\Users\angel\Documents\GitHub\Engine\Dusk-Comet-Engine\Dusk Comet Engine API Wrapper\Debug\DuskComet.pdb'; linking object as if no debug info
DuskComet.lib(GameWindow.obj) : warning LNK4099: PDB 'DuskComet.pdb' was not found with 'DuskComet.lib(GameWindow.obj)' or at 'C:\Users\angel\Documents\GitHub\Engine\Dusk-Comet-Engine\Dusk Comet Engine API Wrapper\Debug\DuskComet.pdb'; linking object as if no debug info
DuskComet.lib(sha256.obj) : warning LNK4099: PDB 'DuskComet.pdb' was not found with 'DuskComet.lib(sha256.obj)' or at 'C:\Users\angel\Documents\GitHub\Engine\Dusk-Comet-Engine\Dusk Comet Engine API Wrapper\Debug\DuskComet.pdb'; linking object as if no debug info
DuskComet.lib(PakFileSystem.obj) : warning LNK4099: PDB 'DuskComet.pdb' was not found with 'DuskComet.lib(PakFileSystem.obj)' or at 'C:\Users\angel\Documents\GitHub\Engine\Dusk-Comet-Engine\Dusk Comet Engine API Wrapper\Debug\DuskComet.pdb'; linking object as if no debug info
DuskComet.lib(zlib.obj) : warning LNK4099: PDB 'DuskComet.pdb' was not found with 'DuskComet.lib(zlib.obj)' or at 'C:\Users\angel\Documents\GitHub\Engine\Dusk-Comet-Engine\Dusk Comet Engine API Wrapper\Debug\DuskComet.pdb'; linking object as if no debug info
DuskComet.lib(ThreadLocalImpl.cpp.obj) : warning LNK4099: PDB 'sfml-system-s-d.pdb' was not found with 'DuskComet.lib(ThreadLocalImpl.cpp.obj)' or at 'C:\Users\angel\Documents\GitHub\Engine\Dusk-Comet-Engine\Dusk Comet Engine API Wrapper\Debug\sfml-system-s-d.pdb'; linking object as if no debug info
DuskComet.lib(SleepImpl.cpp.obj) : warning LNK4099: PDB 'sfml-system-s-d.pdb' was not found with 'DuskComet.lib(SleepImpl.cpp.obj)' or at 'C:\Users\angel\Documents\GitHub\Engine\Dusk-Comet-Engine\Dusk Comet Engine API Wrapper\Debug\sfml-system-s-d.pdb'; linking object as if no debug info
DuskComet.lib(MutexImpl.cpp.obj) : warning LNK4099: PDB 'sfml-system-s-d.pdb' was not found with 'DuskComet.lib(MutexImpl.cpp.obj)' or at 'C:\Users\angel\Documents\GitHub\Engine\Dusk-Comet-Engine\Dusk Comet Engine API Wrapper\Debug\sfml-system-s-d.pdb'; linking object as if no debug info
DuskComet.lib(ClockImpl.cpp.obj) : warning LNK4099: PDB 'sfml-system-s-d.pdb' was not found with 'DuskComet.lib(ClockImpl.cpp.obj)' or at 'C:\Users\angel\Documents\GitHub\Engine\Dusk-Comet-Engine\Dusk Comet Engine API Wrapper\Debug\sfml-system-s-d.pdb'; linking object as if no debug info
DuskComet.lib(Time.cpp.obj) : warning LNK4099: PDB 'sfml-system-s-d.pdb' was not found with 'DuskComet.lib(Time.cpp.obj)' or at 'C:\Users\angel\Documents\GitHub\Engine\Dusk-Comet-Engine\Dusk Comet Engine API Wrapper\Debug\sfml-system-s-d.pdb'; linking object as if no debug info
DuskComet.lib(ThreadLocal.cpp.obj) : warning LNK4099: PDB 'sfml-system-s-d.pdb' was not found with 'DuskComet.lib(ThreadLocal.cpp.obj)' or at 'C:\Users\angel\Documents\GitHub\Engine\Dusk-Comet-Engine\Dusk Comet Engine API Wrapper\Debug\sfml-system-s-d.pdb'; linking object as if no debug info
DuskComet.lib(String.cpp.obj) : warning LNK4099: PDB 'sfml-system-s-d.pdb' was not found with 'DuskComet.lib(String.cpp.obj)' or at 'C:\Users\angel\Documents\GitHub\Engine\Dusk-Comet-Engine\Dusk Comet Engine API Wrapper\Debug\sfml-system-s-d.pdb'; linking object as if no debug info
DuskComet.lib(Sleep.cpp.obj) : warning LNK4099: PDB 'sfml-system-s-d.pdb' was not found with 'DuskComet.lib(Sleep.cpp.obj)' or at 'C:\Users\angel\Documents\GitHub\Engine\Dusk-Comet-Engine\Dusk Comet Engine API Wrapper\Debug\sfml-system-s-d.pdb'; linking object as if no debug info
DuskComet.lib(Mutex.cpp.obj) : warning LNK4099: PDB '' was not found with 'DuskComet.lib(Mutex.cpp.obj)' or at ''; linking object as if no debug info
DuskComet.lib(Lock.cpp.obj) : warning LNK4099: PDB 'sfml-system-s-d.pdb' was not found with 'DuskComet.lib(Lock.cpp.obj)' or at 'C:\Users\angel\Documents\GitHub\Engine\Dusk-Comet-Engine\Dusk Comet Engine API Wrapper\Debug\sfml-system-s-d.pdb'; linking object as if no debug info
DuskComet.lib(Err.cpp.obj) : warning LNK4099: PDB '' was not found with 'DuskComet.lib(Err.cpp.obj)' or at ''; linking object as if no debug info
DuskComet.lib(Clock.cpp.obj) : warning LNK4099: PDB 'sfml-system-s-d.pdb' was not found with 'DuskComet.lib(Clock.cpp.obj)' or at 'C:\Users\angel\Documents\GitHub\Engine\Dusk-Comet-Engine\Dusk Comet Engine API Wrapper\Debug\sfml-system-s-d.pdb'; linking object as if no debug info
DuskComet.lib(WindowImplWin32.cpp.obj) : warning LNK4099: PDB 'sfml-window-s-d.pdb' was not found with 'DuskComet.lib(WindowImplWin32.cpp.obj)' or at 'C:\Users\angel\Documents\GitHub\Engine\Dusk-Comet-Engine\Dusk Comet Engine API Wrapper\Debug\sfml-window-s-d.pdb'; linking object as if no debug info
DuskComet.lib(VideoModeImpl.cpp.obj) : warning LNK4099: PDB 'sfml-window-s-d.pdb' was not found with 'DuskComet.lib(VideoModeImpl.cpp.obj)' or at 'C:\Users\angel\Documents\GitHub\Engine\Dusk-Comet-Engine\Dusk Comet Engine API Wrapper\Debug\sfml-window-s-d.pdb'; linking object as if no debug info
DuskComet.lib(SensorImpl.cpp.obj) : warning LNK4099: PDB 'sfml-window-s-d.pdb' was not found with 'DuskComet.lib(SensorImpl.cpp.obj)' or at 'C:\Users\angel\Documents\GitHub\Engine\Dusk-Comet-Engine\Dusk Comet Engine API Wrapper\Debug\sfml-window-s-d.pdb'; linking object as if no debug info
DuskComet.lib(JoystickImpl.cpp.obj) : warning LNK4099: PDB 'sfml-window-s-d.pdb' was not found with 'DuskComet.lib(JoystickImpl.cpp.obj)' or at 'C:\Users\angel\Documents\GitHub\Engine\Dusk-Comet-Engine\Dusk Comet Engine API Wrapper\Debug\sfml-window-s-d.pdb'; linking object as if no debug info
DuskComet.lib(WglExtensions.cpp.obj) : warning LNK4099: PDB 'sfml-window-s-d.pdb' was not found with 'DuskComet.lib(WglExtensions.cpp.obj)' or at 'C:\Users\angel\Documents\GitHub\Engine\Dusk-Comet-Engine\Dusk Comet Engine API Wrapper\Debug\sfml-window-s-d.pdb'; linking object as if no debug info
DuskComet.lib(WglContext.cpp.obj) : warning LNK4099: PDB 'sfml-window-s-d.pdb' was not found with 'DuskComet.lib(WglContext.cpp.obj)' or at 'C:\Users\angel\Documents\GitHub\Engine\Dusk-Comet-Engine\Dusk Comet Engine API Wrapper\Debug\sfml-window-s-d.pdb'; linking object as if no debug info
DuskComet.lib(CursorImpl.cpp.obj) : warning LNK4099: PDB '' was not found with 'DuskComet.lib(CursorImpl.cpp.obj)' or at ''; linking object as if no debug info
DuskComet.lib(WindowImpl.cpp.obj) : warning LNK4099: PDB 'sfml-window-s-d.pdb' was not found with 'DuskComet.lib(WindowImpl.cpp.obj)' or at 'C:\Users\angel\Documents\GitHub\Engine\Dusk-Comet-Engine\Dusk Comet Engine API Wrapper\Debug\sfml-window-s-d.pdb'; linking object as if no debug info
DuskComet.lib(Window.cpp.obj) : warning LNK4099: PDB 'sfml-window-s-d.pdb' was not found with 'DuskComet.lib(Window.cpp.obj)' or at 'C:\Users\angel\Documents\GitHub\Engine\Dusk-Comet-Engine\Dusk Comet Engine API Wrapper\Debug\sfml-window-s-d.pdb'; linking object as if no debug info
DuskComet.lib(VideoMode.cpp.obj) : warning LNK4099: PDB 'sfml-window-s-d.pdb' was not found with 'DuskComet.lib(VideoMode.cpp.obj)' or at 'C:\Users\angel\Documents\GitHub\Engine\Dusk-Comet-Engine\Dusk Comet Engine API Wrapper\Debug\sfml-window-s-d.pdb'; linking object as if no debug info
DuskComet.lib(SensorManager.cpp.obj) : warning LNK4099: PDB 'sfml-window-s-d.pdb' was not found with 'DuskComet.lib(SensorManager.cpp.obj)' or at 'C:\Users\angel\Documents\GitHub\Engine\Dusk-Comet-Engine\Dusk Comet Engine API Wrapper\Debug\sfml-window-s-d.pdb'; linking object as if no debug info
DuskComet.lib(JoystickManager.cpp.obj) : warning LNK4099: PDB 'sfml-window-s-d.pdb' was not found with 'DuskComet.lib(JoystickManager.cpp.obj)' or at 'C:\Users\angel\Documents\GitHub\Engine\Dusk-Comet-Engine\Dusk Comet Engine API Wrapper\Debug\sfml-window-s-d.pdb'; linking object as if no debug info
DuskComet.lib(Joystick.cpp.obj) : warning LNK4099: PDB 'sfml-window-s-d.pdb' was not found with 'DuskComet.lib(Joystick.cpp.obj)' or at 'C:\Users\angel\Documents\GitHub\Engine\Dusk-Comet-Engine\Dusk Comet Engine API Wrapper\Debug\sfml-window-s-d.pdb'; linking object as if no debug info
DuskComet.lib(GlResource.cpp.obj) : warning LNK4099: PDB 'sfml-window-s-d.pdb' was not found with 'DuskComet.lib(GlResource.cpp.obj)' or at 'C:\Users\angel\Documents\GitHub\Engine\Dusk-Comet-Engine\Dusk Comet Engine API Wrapper\Debug\sfml-window-s-d.pdb'; linking object as if no debug info
DuskComet.lib(GlContext.cpp.obj) : warning LNK4099: PDB 'sfml-window-s-d.pdb' was not found with 'DuskComet.lib(GlContext.cpp.obj)' or at 'C:\Users\angel\Documents\GitHub\Engine\Dusk-Comet-Engine\Dusk Comet Engine API Wrapper\Debug\sfml-window-s-d.pdb'; linking object as if no debug info
DuskComet.lib(Cursor.cpp.obj) : warning LNK4099: PDB 'sfml-window-s-d.pdb' was not found with 'DuskComet.lib(Cursor.cpp.obj)' or at 'C:\Users\angel\Documents\GitHub\Engine\Dusk-Comet-Engine\Dusk Comet Engine API Wrapper\Debug\sfml-window-s-d.pdb'; linking object as if no debug info
DuskComet.lib(Context.cpp.obj) : warning LNK4099: PDB 'sfml-window-s-d.pdb' was not found with 'DuskComet.lib(Context.cpp.obj)' or at 'C:\Users\angel\Documents\GitHub\Engine\Dusk-Comet-Engine\Dusk Comet Engine API Wrapper\Debug\sfml-window-s-d.pdb'; linking object as if no debug info
DuskComet.lib(RenderTextureImplFBO.cpp.obj) : warning LNK4099: PDB '' was not found with 'DuskComet.lib(RenderTextureImplFBO.cpp.obj)' or at ''; linking object as if no debug info
DuskComet.lib(RenderTextureImpl.cpp.obj) : warning LNK4099: PDB 'sfml-graphics-s-d.pdb' was not found with 'DuskComet.lib(RenderTextureImpl.cpp.obj)' or at 'C:\Users\angel\Documents\GitHub\Engine\Dusk-Comet-Engine\Dusk Comet Engine API Wrapper\Debug\sfml-graphics-s-d.pdb'; linking object as if no debug info
DuskComet.lib(VertexBuffer.cpp.obj) : warning LNK4099: PDB 'sfml-graphics-s-d.pdb' was not found with 'DuskComet.lib(VertexBuffer.cpp.obj)' or at 'C:\Users\angel\Documents\GitHub\Engine\Dusk-Comet-Engine\Dusk Comet Engine API Wrapper\Debug\sfml-graphics-s-d.pdb'; linking object as if no debug info
DuskComet.lib(VertexArray.cpp.obj) : warning LNK4099: PDB 'sfml-graphics-s-d.pdb' was not found with 'DuskComet.lib(VertexArray.cpp.obj)' or at 'C:\Users\angel\Documents\GitHub\Engine\Dusk-Comet-Engine\Dusk Comet Engine API Wrapper\Debug\sfml-graphics-s-d.pdb'; linking object as if no debug info
DuskComet.lib(Text.cpp.obj) : warning LNK4099: PDB 'sfml-graphics-s-d.pdb' was not found with 'DuskComet.lib(Text.cpp.obj)' or at 'C:\Users\angel\Documents\GitHub\Engine\Dusk-Comet-Engine\Dusk Comet Engine API Wrapper\Debug\sfml-graphics-s-d.pdb'; linking object as if no debug info
DuskComet.lib(GLLoader.cpp.obj) : warning LNK4099: PDB 'sfml-graphics-s-d.pdb' was not found with 'DuskComet.lib(GLLoader.cpp.obj)' or at 'C:\Users\angel\Documents\GitHub\Engine\Dusk-Comet-Engine\Dusk Comet Engine API Wrapper\Debug\sfml-graphics-s-d.pdb'; linking object as if no debug info
DuskComet.lib(Vertex.cpp.obj) : warning LNK4099: PDB 'sfml-graphics-s-d.pdb' was not found with 'DuskComet.lib(Vertex.cpp.obj)' or at 'C:\Users\angel\Documents\GitHub\Engine\Dusk-Comet-Engine\Dusk Comet Engine API Wrapper\Debug\sfml-graphics-s-d.pdb'; linking object as if no debug info
DuskComet.lib(View.cpp.obj) : warning LNK4099: PDB 'sfml-graphics-s-d.pdb' was not found with 'DuskComet.lib(View.cpp.obj)' or at 'C:\Users\angel\Documents\GitHub\Engine\Dusk-Comet-Engine\Dusk Comet Engine API Wrapper\Debug\sfml-graphics-s-d.pdb'; linking object as if no debug info
DuskComet.lib(Transformable.cpp.obj) : warning LNK4099: PDB '' was not found with 'DuskComet.lib(Transformable.cpp.obj)' or at ''; linking object as if no debug info
DuskComet.lib(Transform.cpp.obj) : warning LNK4099: PDB 'sfml-graphics-s-d.pdb' was not found with 'DuskComet.lib(Transform.cpp.obj)' or at 'C:\Users\angel\Documents\GitHub\Engine\Dusk-Comet-Engine\Dusk Comet Engine API Wrapper\Debug\sfml-graphics-s-d.pdb'; linking object as if no debug info
DuskComet.lib(TextureSaver.cpp.obj) : warning LNK4099: PDB '' was not found with 'DuskComet.lib(TextureSaver.cpp.obj)' or at ''; linking object as if no debug info
DuskComet.lib(Texture.cpp.obj) : warning LNK4099: PDB 'sfml-graphics-s-d.pdb' was not found with 'DuskComet.lib(Texture.cpp.obj)' or at 'C:\Users\angel\Documents\GitHub\Engine\Dusk-Comet-Engine\Dusk Comet Engine API Wrapper\Debug\sfml-graphics-s-d.pdb'; linking object as if no debug info
DuskComet.lib(Shader.cpp.obj) : warning LNK4099: PDB 'sfml-graphics-s-d.pdb' was not found with 'DuskComet.lib(Shader.cpp.obj)' or at 'C:\Users\angel\Documents\GitHub\Engine\Dusk-Comet-Engine\Dusk Comet Engine API Wrapper\Debug\sfml-graphics-s-d.pdb'; linking object as if no debug info
DuskComet.lib(RenderWindow.cpp.obj) : warning LNK4099: PDB 'sfml-graphics-s-d.pdb' was not found with 'DuskComet.lib(RenderWindow.cpp.obj)' or at 'C:\Users\angel\Documents\GitHub\Engine\Dusk-Comet-Engine\Dusk Comet Engine API Wrapper\Debug\sfml-graphics-s-d.pdb'; linking object as if no debug info
DuskComet.lib(RenderTarget.cpp.obj) : warning LNK4099: PDB 'sfml-graphics-s-d.pdb' was not found with 'DuskComet.lib(RenderTarget.cpp.obj)' or at 'C:\Users\angel\Documents\GitHub\Engine\Dusk-Comet-Engine\Dusk Comet Engine API Wrapper\Debug\sfml-graphics-s-d.pdb'; linking object as if no debug info
DuskComet.lib(RenderStates.cpp.obj) : warning LNK4099: PDB '' was not found with 'DuskComet.lib(RenderStates.cpp.obj)' or at ''; linking object as if no debug info
DuskComet.lib(ImageLoader.cpp.obj) : warning LNK4099: PDB 'sfml-graphics-s-d.pdb' was not found with 'DuskComet.lib(ImageLoader.cpp.obj)' or at 'C:\Users\angel\Documents\GitHub\Engine\Dusk-Comet-Engine\Dusk Comet Engine API Wrapper\Debug\sfml-graphics-s-d.pdb'; linking object as if no debug info
DuskComet.lib(Image.cpp.obj) : warning LNK4099: PDB 'sfml-graphics-s-d.pdb' was not found with 'DuskComet.lib(Image.cpp.obj)' or at 'C:\Users\angel\Documents\GitHub\Engine\Dusk-Comet-Engine\Dusk Comet Engine API Wrapper\Debug\sfml-graphics-s-d.pdb'; linking object as if no debug info
DuskComet.lib(GLExtensions.cpp.obj) : warning LNK4099: PDB 'sfml-graphics-s-d.pdb' was not found with 'DuskComet.lib(GLExtensions.cpp.obj)' or at 'C:\Users\angel\Documents\GitHub\Engine\Dusk-Comet-Engine\Dusk Comet Engine API Wrapper\Debug\sfml-graphics-s-d.pdb'; linking object as if no debug info
DuskComet.lib(GLCheck.cpp.obj) : warning LNK4099: PDB 'sfml-graphics-s-d.pdb' was not found with 'DuskComet.lib(GLCheck.cpp.obj)' or at 'C:\Users\angel\Documents\GitHub\Engine\Dusk-Comet-Engine\Dusk Comet Engine API Wrapper\Debug\sfml-graphics-s-d.pdb'; linking object as if no debug info
DuskComet.lib(Glsl.cpp.obj) : warning LNK4099: PDB 'sfml-graphics-s-d.pdb' was not found with 'DuskComet.lib(Glsl.cpp.obj)' or at 'C:\Users\angel\Documents\GitHub\Engine\Dusk-Comet-Engine\Dusk Comet Engine API Wrapper\Debug\sfml-graphics-s-d.pdb'; linking object as if no debug info
DuskComet.lib(Font.cpp.obj) : warning LNK4099: PDB 'sfml-graphics-s-d.pdb' was not found with 'DuskComet.lib(Font.cpp.obj)' or at 'C:\Users\angel\Documents\GitHub\Engine\Dusk-Comet-Engine\Dusk Comet Engine API Wrapper\Debug\sfml-graphics-s-d.pdb'; linking object as if no debug info
DuskComet.lib(Color.cpp.obj) : warning LNK4099: PDB 'sfml-graphics-s-d.pdb' was not found with 'DuskComet.lib(Color.cpp.obj)' or at 'C:\Users\angel\Documents\GitHub\Engine\Dusk-Comet-Engine\Dusk Comet Engine API Wrapper\Debug\sfml-graphics-s-d.pdb'; linking object as if no debug info
DuskComet.lib(BlendMode.cpp.obj) : warning LNK4099: PDB '' was not found with 'DuskComet.lib(BlendMode.cpp.obj)' or at ''; linking object as if no debug info
DuskComet.lib(zutil.obj) : warning LNK4099: PDB 'libz-static.pdb' was not found with 'DuskComet.lib(zutil.obj)' or at 'C:\Users\angel\Documents\GitHub\Engine\Dusk-Comet-Engine\Dusk Comet Engine API Wrapper\Debug\libz-static.pdb'; linking object as if no debug info
DuskComet.lib(uncompr.obj) : warning LNK4099: PDB 'libz-static.pdb' was not found with 'DuskComet.lib(uncompr.obj)' or at 'C:\Users\angel\Documents\GitHub\Engine\Dusk-Comet-Engine\Dusk Comet Engine API Wrapper\Debug\libz-static.pdb'; linking object as if no debug info
DuskComet.lib(trees.obj) : warning LNK4099: PDB 'libz-static.pdb' was not found with 'DuskComet.lib(trees.obj)' or at 'C:\Users\angel\Documents\GitHub\Engine\Dusk-Comet-Engine\Dusk Comet Engine API Wrapper\Debug\libz-static.pdb'; linking object as if no debug info
DuskComet.lib(inftrees.obj) : warning LNK4099: PDB 'libz-static.pdb' was not found with 'DuskComet.lib(inftrees.obj)' or at 'C:\Users\angel\Documents\GitHub\Engine\Dusk-Comet-Engine\Dusk Comet Engine API Wrapper\Debug\libz-static.pdb'; linking object as if no debug info
DuskComet.lib(inflate.obj) : warning LNK4099: PDB 'libz-static.pdb' was not found with 'DuskComet.lib(inflate.obj)' or at 'C:\Users\angel\Documents\GitHub\Engine\Dusk-Comet-Engine\Dusk Comet Engine API Wrapper\Debug\libz-static.pdb'; linking object as if no debug info
DuskComet.lib(inffast.obj) : warning LNK4099: PDB 'libz-static.pdb' was not found with 'DuskComet.lib(inffast.obj)' or at 'C:\Users\angel\Documents\GitHub\Engine\Dusk-Comet-Engine\Dusk Comet Engine API Wrapper\Debug\libz-static.pdb'; linking object as if no debug info
DuskComet.lib(deflate.obj) : warning LNK4099: PDB 'libz-static.pdb' was not found with 'DuskComet.lib(deflate.obj)' or at 'C:\Users\angel\Documents\GitHub\Engine\Dusk-Comet-Engine\Dusk Comet Engine API Wrapper\Debug\libz-static.pdb'; linking object as if no debug info
DuskComet.lib(crc32.obj) : warning LNK4099: PDB 'libz-static.pdb' was not found with 'DuskComet.lib(crc32.obj)' or at 'C:\Users\angel\Documents\GitHub\Engine\Dusk-Comet-Engine\Dusk Comet Engine API Wrapper\Debug\libz-static.pdb'; linking object as if no debug info
DuskComet.lib(compress.obj) : warning LNK4099: PDB '' was not found with 'DuskComet.lib(compress.obj)' or at ''; linking object as if no debug info
DuskComet.lib(adler32.obj) : warning LNK4099: PDB 'libz-static.pdb' was not found with 'DuskComet.lib(adler32.obj)' or at 'C:\Users\angel\Documents\GitHub\Engine\Dusk-Comet-Engine\Dusk Comet Engine API Wrapper\Debug\libz-static.pdb'; linking object as if no debug info
  Dusk Comet Engine API Wrapper.vcxproj -> C:\Users\angel\Documents\GitHub\Engine\Dusk-Comet-Engine\Dusk Comet Engine API Wrapper\Debug\Dusk Comet Engine API Wrapper.dll
