c:\users\angel\documents\github\engine\dusk-comet-engine\dusk comet engine api wrapper\debug\vc143.pdb
c:\users\angel\documents\github\engine\dusk-comet-engine\dusk comet engine api wrapper\debug\vc143.idb
c:\users\angel\documents\github\engine\dusk-comet-engine\dusk comet engine api wrapper\debug\dllmain.obj
c:\users\angel\documents\github\engine\dusk-comet-engine\dusk comet engine api wrapper\debug\zlibw.obj
c:\users\angel\documents\github\engine\dusk-comet-engine\dusk comet engine api wrapper\debug\binarywriterw.obj
c:\users\angel\documents\github\engine\dusk-comet-engine\dusk comet engine api wrapper\debug\binaryreaderw.obj
c:\users\angel\documents\github\engine\dusk-comet-engine\dusk comet engine api wrapper\debug\dusk comet engine api wrapper.lib
c:\users\angel\documents\github\engine\dusk-comet-engine\dusk comet engine api wrapper\debug\dusk comet engine api wrapper.exp
c:\users\angel\documents\github\engine\dusk-comet-engine\dusk comet engine api wrapper\debug\dusk comet engine api wrapper.ilk
c:\users\angel\documents\github\engine\dusk-comet-engine\dusk comet engine api wrapper\debug\dusk comet engine api wrapper.dll
c:\users\angel\documents\github\engine\dusk-comet-engine\dusk comet engine api wrapper\debug\dusk comet engine api wrapper.pdb
c:\users\angel\documents\github\engine\dusk-comet-engine\dusk comet engine api wrapper\debug\duskcomet.idb
c:\users\angel\documents\github\engine\dusk-comet-engine\dusk comet engine api wrapper\debug\duskcomet.pdb
c:\users\angel\documents\github\engine\dusk-comet-engine\dusk comet engine api wrapper\debug\dusk com.63dbdb96.tlog\cl.command.1.tlog
c:\users\angel\documents\github\engine\dusk-comet-engine\dusk comet engine api wrapper\debug\dusk com.63dbdb96.tlog\cl.read.1.tlog
c:\users\angel\documents\github\engine\dusk-comet-engine\dusk comet engine api wrapper\debug\dusk com.63dbdb96.tlog\cl.write.1.tlog
c:\users\angel\documents\github\engine\dusk-comet-engine\dusk comet engine api wrapper\debug\dusk com.63dbdb96.tlog\dusk comet engine api wrapper.write.1u.tlog
c:\users\angel\documents\github\engine\dusk-comet-engine\dusk comet engine api wrapper\debug\dusk com.63dbdb96.tlog\link.command.1.tlog
c:\users\angel\documents\github\engine\dusk-comet-engine\dusk comet engine api wrapper\debug\dusk com.63dbdb96.tlog\link.read.1.tlog
c:\users\angel\documents\github\engine\dusk-comet-engine\dusk comet engine api wrapper\debug\dusk com.63dbdb96.tlog\link.write.1.tlog
