  RPG Game.cpp
RPG Game.obj : error LNK2019: unresolved external symbol "public: virtual __cdecl sf::Transformable::~Transformable(void)" (??1Transformable@sf@@UEAA@XZ) referenced in function "public: virtual __cdecl sf::Text::~Text(void)" (??1Text@sf@@UEAA@XZ)
RPG Game.obj : error LNK2019: unresolved external symbol "public: __cdecl sf::Font::Font(void)" (??0Font@sf@@QEAA@XZ) referenced in function "public: __cdecl dc::GameWindow::GameWindow(void)" (??0GameWindow@dc@@QEAA@XZ)
RPG Game.obj : error LNK2019: unresolved external symbol "public: __cdecl sf::Font::~Font(void)" (??1Font@sf@@QEAA@XZ) referenced in function "int `public: __cdecl dc::GameWindow::GameWindow(void)'::`1'::dtor$2" (?dtor$2@?0???0GameWindow@dc@@QEAA@XZ@4HA)
RPG Game.obj : error LNK2019: unresolved external symbol "public: __cdecl sf::Text::Text(void)" (??0Text@sf@@QEAA@XZ) referenced in function "public: __cdecl dc::GameWindow::GameWindow(void)" (??0GameWindow@dc@@QEAA@XZ)
DuskComet.lib(GameWindow.obj) : error LNK2019: unresolved external symbol "public: __cdecl sf::String::String(char const *,class std::locale const &)" (??0String@sf@@QEAA@PEBDAEBVlocale@std@@@Z) referenced in function "public: void __cdecl dc::GameWindow::run(void)" (?run@GameWindow@dc@@QEAAXXZ)
DuskComet.lib(GameWindow.obj) : error LNK2019: unresolved external symbol "public: __cdecl sf::String::String(class std::basic_string<char,struct std::char_traits<char>,class std::allocator<char> > const &,class std::locale const &)" (??0String@sf@@QEAA@AEBV?$basic_string@DU?$char_traits@D@std@@V?$allocator@D@2@@std@@AEBVlocale@3@@Z) referenced in function "private: void __cdecl dc::GameWindow::createSFRenderWindow(void)" (?createSFRenderWindow@GameWindow@dc@@AEAAXXZ)
DuskComet.lib(GameWindow.obj) : error LNK2019: unresolved external symbol "public: __cdecl sf::VideoMode::VideoMode(unsigned int,unsigned int,unsigned int)" (??0VideoMode@sf@@QEAA@III@Z) referenced in function "private: void __cdecl dc::GameWindow::createSFRenderWindow(void)" (?createSFRenderWindow@GameWindow@dc@@AEAAXXZ)
DuskComet.lib(GameWindow.obj) : error LNK2019: unresolved external symbol "public: void __cdecl sf::Window::create(class sf::VideoMode,class sf::String const &,unsigned int,struct sf::ContextSettings const &)" (?create@Window@sf@@QEAAXVVideoMode@2@AEBVString@2@IAEBUContextSettings@2@@Z) referenced in function "private: void __cdecl dc::GameWindow::createSFRenderWindow(void)" (?createSFRenderWindow@GameWindow@dc@@AEAAXXZ)
DuskComet.lib(GameWindow.obj) : error LNK2019: unresolved external symbol "public: void __cdecl sf::Window::close(void)" (?close@Window@sf@@QEAAXXZ) referenced in function "public: void __cdecl dc::GameWindow::setWindowIsOpen(bool const &)" (?setWindowIsOpen@GameWindow@dc@@QEAAXAEB_N@Z)
DuskComet.lib(GameWindow.obj) : error LNK2019: unresolved external symbol "public: bool __cdecl sf::Window::isOpen(void)const " (?isOpen@Window@sf@@QEBA_NXZ) referenced in function "public: bool __cdecl dc::GameWindow::getWindowIsOpen(void)" (?getWindowIsOpen@GameWindow@dc@@QEAA_NXZ)
DuskComet.lib(GameWindow.obj) : error LNK2019: unresolved external symbol "public: struct sf::ContextSettings const & __cdecl sf::Window::getSettings(void)const " (?getSettings@Window@sf@@QEBAAEBUContextSettings@2@XZ) referenced in function "public: bool __cdecl dc::GameWindow::getAllowFreeWindowSizing(void)" (?getAllowFreeWindowSizing@GameWindow@dc@@QEAA_NXZ)
DuskComet.lib(GameWindow.obj) : error LNK2019: unresolved external symbol "public: bool __cdecl sf::Window::pollEvent(class sf::Event &)" (?pollEvent@Window@sf@@QEAA_NAEAVEvent@2@@Z) referenced in function "public: void __cdecl dc::GameWindow::run(void)" (?run@GameWindow@dc@@QEAAXXZ)
DuskComet.lib(GameWindow.obj) : error LNK2019: unresolved external symbol "public: void __cdecl sf::Window::setTitle(class sf::String const &)" (?setTitle@Window@sf@@QEAAXAEBVString@2@@Z) referenced in function "public: void __cdecl dc::GameWindow::setWindowTitle(class std::basic_string<char,struct std::char_traits<char>,class std::allocator<char> > const &)" (?setWindowTitle@GameWindow@dc@@QEAAXAEBV?$basic_string@DU?$char_traits@D@std@@V?$allocator@D@2@@std@@@Z)
DuskComet.lib(GameWindow.obj) : error LNK2019: unresolved external symbol "public: void __cdecl sf::Window::display(void)" (?display@Window@sf@@QEAAXXZ) referenced in function "public: void __cdecl dc::GameWindow::run(void)" (?run@GameWindow@dc@@QEAAXXZ)
DuskComet.lib(GameWindow.obj) : error LNK2019: unresolved external symbol "public: __cdecl sf::Color::Color(unsigned char,unsigned char,unsigned char,unsigned char)" (??0Color@sf@@QEAA@EEEE@Z) referenced in function "public: void __cdecl dc::GameWindow::run(void)" (?run@GameWindow@dc@@QEAAXXZ)
DuskComet.lib(GameWindow.obj) : error LNK2019: unresolved external symbol "public: bool __cdecl sf::Font::loadFromMemory(void const *,unsigned __int64)" (?loadFromMemory@Font@sf@@QEAA_NPEBX_K@Z) referenced in function "public: bool __cdecl dc::GameWindow::initialize(void)" (?initialize@GameWindow@dc@@QEAA_NXZ)
DuskComet.lib(GameWindow.obj) : error LNK2019: unresolved external symbol "public: void __cdecl sf::RenderTarget::clear(class sf::Color const &)" (?clear@RenderTarget@sf@@QEAAXAEBVColor@2@@Z) referenced in function "public: void __cdecl dc::GameWindow::run(void)" (?run@GameWindow@dc@@QEAAXXZ)
DuskComet.lib(GameWindow.obj) : error LNK2019: unresolved external symbol "public: void __cdecl sf::RenderTarget::draw(class sf::Drawable const &,class sf::RenderStates const &)" (?draw@RenderTarget@sf@@QEAAXAEBVDrawable@2@AEBVRenderStates@2@@Z) referenced in function "public: void __cdecl dc::GameWindow::run(void)" (?run@GameWindow@dc@@QEAAXXZ)
DuskComet.lib(GameWindow.obj) : error LNK2019: unresolved external symbol "public: __cdecl sf::RenderWindow::RenderWindow(void)" (??0RenderWindow@sf@@QEAA@XZ) referenced in function "class std::unique_ptr<class sf::RenderWindow,struct std::default_delete<class sf::RenderWindow> > __cdecl std::make_unique<class sf::RenderWindow,0>(void)" (??$make_unique@VRenderWindow@sf@@$$V$0A@@std@@YA?AV?$unique_ptr@VRenderWindow@sf@@U?$default_delete@VRenderWindow@sf@@@std@@@0@XZ)
DuskComet.lib(GameWindow.obj) : error LNK2019: unresolved external symbol "public: void __cdecl sf::Text::setString(class sf::String const &)" (?setString@Text@sf@@QEAAXAEBVString@2@@Z) referenced in function "public: void __cdecl dc::GameWindow::run(void)" (?run@GameWindow@dc@@QEAAXXZ)
DuskComet.lib(GameWindow.obj) : error LNK2019: unresolved external symbol "public: void __cdecl sf::Text::setFont(class sf::Font const &)" (?setFont@Text@sf@@QEAAXAEBVFont@2@@Z) referenced in function "public: bool __cdecl dc::GameWindow::initialize(void)" (?initialize@GameWindow@dc@@QEAA_NXZ)
DuskComet.lib(GameWindow.obj) : error LNK2019: unresolved external symbol "public: void __cdecl sf::Text::setCharacterSize(unsigned int)" (?setCharacterSize@Text@sf@@QEAAXI@Z) referenced in function "public: bool __cdecl dc::GameWindow::initialize(void)" (?initialize@GameWindow@dc@@QEAA_NXZ)
DuskComet.lib(GameWindow.obj) : error LNK2001: unresolved external symbol "public: static class sf::RenderStates const sf::RenderStates::Default" (?Default@RenderStates@sf@@2V12@B)
C:\Users\angel\source\repos\Dusk Comet\C++\RPG Game\..\SFML-2.5.1\lib\\sfml-graphics-s-d.lib : warning LNK4272: library machine type 'x86' conflicts with target machine type 'x64'
C:\Users\angel\source\repos\Dusk Comet\C++\RPG Game\..\SFML-2.5.1\lib\\freetype.lib : warning LNK4272: library machine type 'x86' conflicts with target machine type 'x64'
C:\Users\angel\source\repos\Dusk Comet\C++\RPG Game\..\SFML-2.5.1\lib\\sfml-window-s-d.lib : warning LNK4272: library machine type 'x86' conflicts with target machine type 'x64'
C:\Users\angel\source\repos\Dusk Comet\C++\RPG Game\..\SFML-2.5.1\lib\\sfml-audio-s-d.lib : warning LNK4272: library machine type 'x86' conflicts with target machine type 'x64'
C:\Users\angel\source\repos\Dusk Comet\C++\RPG Game\..\SFML-2.5.1\lib\\openal32.lib : warning LNK4272: library machine type 'x86' conflicts with target machine type 'x64'
C:\Users\angel\source\repos\Dusk Comet\C++\RPG Game\..\SFML-2.5.1\lib\\flac.lib : warning LNK4272: library machine type 'x86' conflicts with target machine type 'x64'
C:\Users\angel\source\repos\Dusk Comet\C++\RPG Game\..\SFML-2.5.1\lib\\vorbisenc.lib : warning LNK4272: library machine type 'x86' conflicts with target machine type 'x64'
C:\Users\angel\source\repos\Dusk Comet\C++\RPG Game\..\SFML-2.5.1\lib\\vorbisfile.lib : warning LNK4272: library machine type 'x86' conflicts with target machine type 'x64'
C:\Users\angel\source\repos\Dusk Comet\C++\RPG Game\..\SFML-2.5.1\lib\\vorbis.lib : warning LNK4272: library machine type 'x86' conflicts with target machine type 'x64'
C:\Users\angel\source\repos\Dusk Comet\C++\RPG Game\..\SFML-2.5.1\lib\\ogg.lib : warning LNK4272: library machine type 'x86' conflicts with target machine type 'x64'
C:\Users\angel\source\repos\Dusk Comet\C++\RPG Game\..\SFML-2.5.1\lib\\sfml-system-s-d.lib : warning LNK4272: library machine type 'x86' conflicts with target machine type 'x64'
C:\Users\angel\source\repos\Dusk Comet\C++\RPG Game\x64\Debug\RPG Game.exe : fatal error LNK1120: 23 unresolved externals
