c:\users\angel\documents\github\engine\dusk-comet-engine\dusk comet engine api wrapper\x64\debug\duskcomet.pdb
c:\users\angel\documents\github\engine\dusk-comet-engine\dusk comet engine api wrapper\x64\debug\duskcomet.idb
c:\users\angel\documents\github\engine\dusk-comet-engine\duskcomet\x64\debug\zlib.obj
c:\users\angel\documents\github\engine\dusk-comet-engine\duskcomet\x64\debug\console.obj
c:\users\angel\documents\github\engine\dusk-comet-engine\duskcomet\x64\debug\datetime.obj
c:\users\angel\documents\github\engine\dusk-comet-engine\duskcomet\x64\debug\pakfilesystem.obj
c:\users\angel\documents\github\engine\dusk-comet-engine\duskcomet\x64\debug\pak.obj
c:\users\angel\documents\github\engine\dusk-comet-engine\duskcomet\x64\debug\sha256.obj
c:\users\angel\documents\github\engine\dusk-comet-engine\duskcomet\x64\debug\gamewindow.obj
c:\users\angel\documents\github\engine\dusk-comet-engine\duskcomet\x64\debug\pakfileformat.obj
c:\users\angel\documents\github\engine\dusk-comet-engine\duskcomet\x64\debug\event.obj
c:\users\angel\documents\github\engine\dusk-comet-engine\duskcomet\x64\debug\binarywriter.obj
c:\users\angel\documents\github\engine\dusk-comet-engine\duskcomet\x64\debug\binaryreader.obj
c:\users\angel\documents\github\engine\dusk-comet-engine\duskcomet\x64\debug\panel.obj
c:\users\angel\documents\github\engine\dusk-comet-engine\duskcomet\x64\debug\form.obj
c:\users\angel\documents\github\engine\dusk-comet-engine\duskcomet\x64\debug\button.obj
c:\users\angel\documents\github\engine\dusk-comet-engine\duskcomet\x64\debug\game.obj
c:\users\angel\documents\github\engine\dusk-comet-engine\dusk comet engine api wrapper\x64\debug\duskcomet.lib
c:\users\angel\documents\github\engine\dusk-comet-engine\duskcomet\x64\debug\duskcomet.tlog\cl.command.1.tlog
c:\users\angel\documents\github\engine\dusk-comet-engine\duskcomet\x64\debug\duskcomet.tlog\cl.read.1.tlog
c:\users\angel\documents\github\engine\dusk-comet-engine\duskcomet\x64\debug\duskcomet.tlog\cl.write.1.tlog
c:\users\angel\documents\github\engine\dusk-comet-engine\duskcomet\x64\debug\duskcomet.tlog\lib-link.read.1.tlog
c:\users\angel\documents\github\engine\dusk-comet-engine\duskcomet\x64\debug\duskcomet.tlog\lib-link.write.1.tlog
c:\users\angel\documents\github\engine\dusk-comet-engine\duskcomet\x64\debug\duskcomet.tlog\lib.command.1.tlog
