c:\users\angel\documents\github\engine\dusk-comet-engine\dusk comet engine api wrapper\x64\debug\vc143.pdb
c:\users\angel\documents\github\engine\dusk-comet-engine\dusk comet engine api wrapper\x64\debug\vc143.idb
c:\users\angel\documents\github\engine\dusk-comet-engine\dusk comet engine api wrapper\x64\debug\dllmain.obj
c:\users\angel\documents\github\engine\dusk-comet-engine\dusk comet engine api wrapper\x64\debug\zlibw.obj
c:\users\angel\documents\github\engine\dusk-comet-engine\dusk comet engine api wrapper\x64\debug\binarywriterw.obj
c:\users\angel\documents\github\engine\dusk-comet-engine\dusk comet engine api wrapper\x64\debug\binaryreaderw.obj
c:\users\angel\documents\github\engine\dusk-comet-engine\dusk comet engine api wrapper\x64\debug\dusk comet engine api wrapper.exp
c:\users\angel\documents\github\engine\dusk-comet-engine\dusk comet engine api wrapper\x64\debug\duskcomet.idb
c:\users\angel\documents\github\engine\dusk-comet-engine\dusk comet engine api wrapper\x64\debug\dusk comet engine api wrapper.pdb
c:\users\angel\documents\github\engine\dusk-comet-engine\dusk comet engine api wrapper\x64\debug\duskcomet.pdb
c:\users\angel\documents\github\engine\dusk-comet-engine\dusk comet engine api wrapper\x64\debug\dusk com.63dbdb96.tlog\cl.command.1.tlog
c:\users\angel\documents\github\engine\dusk-comet-engine\dusk comet engine api wrapper\x64\debug\dusk com.63dbdb96.tlog\cl.read.1.tlog
c:\users\angel\documents\github\engine\dusk-comet-engine\dusk comet engine api wrapper\x64\debug\dusk com.63dbdb96.tlog\cl.write.1.tlog
c:\users\angel\documents\github\engine\dusk-comet-engine\dusk comet engine api wrapper\x64\debug\dusk com.63dbdb96.tlog\link-cvtres.read.1.tlog
c:\users\angel\documents\github\engine\dusk-comet-engine\dusk comet engine api wrapper\x64\debug\dusk com.63dbdb96.tlog\link-cvtres.write.1.tlog
c:\users\angel\documents\github\engine\dusk-comet-engine\dusk comet engine api wrapper\x64\debug\dusk com.63dbdb96.tlog\link-rc.read.1.tlog
c:\users\angel\documents\github\engine\dusk-comet-engine\dusk comet engine api wrapper\x64\debug\dusk com.63dbdb96.tlog\link-rc.write.1.tlog
c:\users\angel\documents\github\engine\dusk-comet-engine\dusk comet engine api wrapper\x64\debug\dusk com.63dbdb96.tlog\link.command.1.tlog
c:\users\angel\documents\github\engine\dusk-comet-engine\dusk comet engine api wrapper\x64\debug\dusk com.63dbdb96.tlog\link.read.1.tlog
c:\users\angel\documents\github\engine\dusk-comet-engine\dusk comet engine api wrapper\x64\debug\dusk com.63dbdb96.tlog\link.read.2.tlog
c:\users\angel\documents\github\engine\dusk-comet-engine\dusk comet engine api wrapper\x64\debug\dusk com.63dbdb96.tlog\link.write.1.tlog
