  BinaryReaderW.cpp
  BinaryWriterW.cpp
C:\Users\angel\Documents\GitHub\Engine\Dusk-Comet-Engine\DuskComet\System\BinaryWriter.hpp(36,51): warning C4244: 'return': conversion from 'std::streamoff' to 'uint32_t', possible loss of data
D:\Users\Raccoon Headmaster\Documents\GitHub\HollowByte-Engine\HollowByteEngine-OLD\HollowByteEngineWrapper\BinaryWriterW.h(32,113): warning C4244: 'argument': conversion from 'uint64_t' to 'uint32_t', possible loss of data
D:\Users\Raccoon Headmaster\Documents\GitHub\HollowByte-Engine\HollowByteEngine-OLD\HollowByteEngineWrapper\BinaryWriterW.cpp(12,21): warning C4267: '=': conversion from 'size_t' to 'int', possible loss of data
  zlibW.cpp
D:\Users\Raccoon Headmaster\Documents\GitHub\HollowByte-Engine\HollowByteEngine-OLD\HollowByteEngineWrapper\zlibW.cpp(11,24): warning C4267: 'initializing': conversion from 'size_t' to 'int', possible loss of data
D:\Users\Raccoon Headmaster\Documents\GitHub\HollowByte-Engine\HollowByteEngine-OLD\HollowByteEngineWrapper\zlibW.cpp(17,20): warning C4267: 'return': conversion from 'size_t' to 'uint32_t', possible loss of data
  dllmain.cpp
  Generating Code...
DuskComet.lib(BinaryReader.obj) : warning LNK4099: PDB 'DuskComet.pdb' was not found with 'DuskComet.lib(BinaryReader.obj)' or at 'C:\Users\angel\Documents\GitHub\Engine\Dusk-Comet-Engine\Dusk Comet Engine API Wrapper\x64\Debug\DuskComet.pdb'; linking object as if no debug info
DuskComet.lib(BinaryWriter.obj) : warning LNK4099: PDB 'DuskComet.pdb' was not found with 'DuskComet.lib(BinaryWriter.obj)' or at 'C:\Users\angel\Documents\GitHub\Engine\Dusk-Comet-Engine\Dusk Comet Engine API Wrapper\x64\Debug\DuskComet.pdb'; linking object as if no debug info
DuskComet.lib(zlib.obj) : warning LNK4099: PDB 'DuskComet.pdb' was not found with 'DuskComet.lib(zlib.obj)' or at 'C:\Users\angel\Documents\GitHub\Engine\Dusk-Comet-Engine\Dusk Comet Engine API Wrapper\x64\Debug\DuskComet.pdb'; linking object as if no debug info
DuskComet.lib(PakFileSystem.obj) : warning LNK4099: PDB 'DuskComet.pdb' was not found with 'DuskComet.lib(PakFileSystem.obj)' or at 'C:\Users\angel\Documents\GitHub\Engine\Dusk-Comet-Engine\Dusk Comet Engine API Wrapper\x64\Debug\DuskComet.pdb'; linking object as if no debug info
DuskComet.lib(Game.obj) : warning LNK4099: PDB 'DuskComet.pdb' was not found with 'DuskComet.lib(Game.obj)' or at 'C:\Users\angel\Documents\GitHub\Engine\Dusk-Comet-Engine\Dusk Comet Engine API Wrapper\x64\Debug\DuskComet.pdb'; linking object as if no debug info
DuskComet.lib(Panel.obj) : warning LNK4099: PDB 'DuskComet.pdb' was not found with 'DuskComet.lib(Panel.obj)' or at 'C:\Users\angel\Documents\GitHub\Engine\Dusk-Comet-Engine\Dusk Comet Engine API Wrapper\x64\Debug\DuskComet.pdb'; linking object as if no debug info
DuskComet.lib(PakFileFormat.obj) : warning LNK4099: PDB 'DuskComet.pdb' was not found with 'DuskComet.lib(PakFileFormat.obj)' or at 'C:\Users\angel\Documents\GitHub\Engine\Dusk-Comet-Engine\Dusk Comet Engine API Wrapper\x64\Debug\DuskComet.pdb'; linking object as if no debug info
DuskComet.lib(GameWindow.obj) : warning LNK4099: PDB 'DuskComet.pdb' was not found with 'DuskComet.lib(GameWindow.obj)' or at 'C:\Users\angel\Documents\GitHub\Engine\Dusk-Comet-Engine\Dusk Comet Engine API Wrapper\x64\Debug\DuskComet.pdb'; linking object as if no debug info
DuskComet.lib(sha256.obj) : warning LNK4099: PDB 'DuskComet.pdb' was not found with 'DuskComet.lib(sha256.obj)' or at 'C:\Users\angel\Documents\GitHub\Engine\Dusk-Comet-Engine\Dusk Comet Engine API Wrapper\x64\Debug\DuskComet.pdb'; linking object as if no debug info
DuskComet.lib(Button.obj) : warning LNK4099: PDB 'DuskComet.pdb' was not found with 'DuskComet.lib(Button.obj)' or at 'C:\Users\angel\Documents\GitHub\Engine\Dusk-Comet-Engine\Dusk Comet Engine API Wrapper\x64\Debug\DuskComet.pdb'; linking object as if no debug info
     Creating library C:\Users\angel\Documents\GitHub\Engine\Dusk-Comet-Engine\Dusk Comet Engine API Wrapper\x64\Debug\Dusk Comet Engine API Wrapper.lib and object C:\Users\angel\Documents\GitHub\Engine\Dusk-Comet-Engine\Dusk Comet Engine API Wrapper\x64\Debug\Dusk Comet Engine API Wrapper.exp
DuskComet.lib(zlib.obj) : error LNK2019: unresolved external symbol compress2 referenced in function "public: static class std::vector<unsigned char,class std::allocator<unsigned char> > __cdecl dc::zlib::compress(class std::vector<unsigned char,class std::allocator<unsigned char> >)" (?compress@zlib@dc@@SA?AV?$vector@EV?$allocator@E@std@@@std@@V34@@Z)
DuskComet.lib(zlib.obj) : error LNK2019: unresolved external symbol compressBound referenced in function "public: static class std::vector<unsigned char,class std::allocator<unsigned char> > __cdecl dc::zlib::compress(class std::vector<unsigned char,class std::allocator<unsigned char> >)" (?compress@zlib@dc@@SA?AV?$vector@EV?$allocator@E@std@@@std@@V34@@Z)
DuskComet.lib(zlib.obj) : error LNK2019: unresolved external symbol uncompress referenced in function "public: static class std::vector<unsigned char,class std::allocator<unsigned char> > __cdecl dc::zlib::decompress(class std::vector<unsigned char,class std::allocator<unsigned char> >,unsigned __int64)" (?decompress@zlib@dc@@SA?AV?$vector@EV?$allocator@E@std@@@std@@V34@_K@Z)
DuskComet.lib(Game.obj) : error LNK2019: unresolved external symbol "public: virtual __cdecl sf::Transformable::~Transformable(void)" (??1Transformable@sf@@UEAA@XZ) referenced in function "public: virtual __cdecl sf::Text::~Text(void)" (??1Text@sf@@UEAA@XZ)
DuskComet.lib(Button.obj) : error LNK2001: unresolved external symbol "public: virtual __cdecl sf::Transformable::~Transformable(void)" (??1Transformable@sf@@UEAA@XZ)
DuskComet.lib(Game.obj) : error LNK2019: unresolved external symbol "public: __cdecl sf::VertexArray::VertexArray(enum sf::PrimitiveType,unsigned __int64)" (??0VertexArray@sf@@QEAA@W4PrimitiveType@1@_K@Z) referenced in function "public: __cdecl dc::Panel::Panel(void)" (??0Panel@dc@@QEAA@XZ)
DuskComet.lib(Button.obj) : error LNK2001: unresolved external symbol "public: __cdecl sf::VertexArray::VertexArray(enum sf::PrimitiveType,unsigned __int64)" (??0VertexArray@sf@@QEAA@W4PrimitiveType@1@_K@Z)
DuskComet.lib(Game.obj) : error LNK2019: unresolved external symbol "public: __cdecl sf::Font::Font(void)" (??0Font@sf@@QEAA@XZ) referenced in function "public: __cdecl dc::GameWindow::GameWindow(void)" (??0GameWindow@dc@@QEAA@XZ)
DuskComet.lib(Game.obj) : error LNK2019: unresolved external symbol "public: __cdecl sf::Font::~Font(void)" (??1Font@sf@@QEAA@XZ) referenced in function "int `public: __cdecl dc::GameWindow::GameWindow(void)'::`1'::dtor$4" (?dtor$4@?0???0GameWindow@dc@@QEAA@XZ@4HA)
DuskComet.lib(Game.obj) : error LNK2019: unresolved external symbol "public: __cdecl sf::Text::Text(void)" (??0Text@sf@@QEAA@XZ) referenced in function "public: __cdecl dc::GameWindow::GameWindow(void)" (??0GameWindow@dc@@QEAA@XZ)
DuskComet.lib(Button.obj) : error LNK2001: unresolved external symbol "public: __cdecl sf::Text::Text(void)" (??0Text@sf@@QEAA@XZ)
DuskComet.lib(Panel.obj) : error LNK2019: unresolved external symbol "public: __cdecl sf::Color::Color(unsigned char,unsigned char,unsigned char,unsigned char)" (??0Color@sf@@QEAA@EEEE@Z) referenced in function "public: void __cdecl dc::Panel::update(void)" (?update@Panel@dc@@QEAAXXZ)
DuskComet.lib(GameWindow.obj) : error LNK2001: unresolved external symbol "public: __cdecl sf::Color::Color(unsigned char,unsigned char,unsigned char,unsigned char)" (??0Color@sf@@QEAA@EEEE@Z)
DuskComet.lib(Button.obj) : error LNK2001: unresolved external symbol "public: __cdecl sf::Color::Color(unsigned char,unsigned char,unsigned char,unsigned char)" (??0Color@sf@@QEAA@EEEE@Z)
DuskComet.lib(Panel.obj) : error LNK2019: unresolved external symbol "public: __cdecl sf::Vertex::Vertex(class sf::Vector2<float> const &,class sf::Color const &)" (??0Vertex@sf@@QEAA@AEBV?$Vector2@M@1@AEBVColor@1@@Z) referenced in function "public: void __cdecl dc::Panel::update(void)" (?update@Panel@dc@@QEAAXXZ)
DuskComet.lib(Button.obj) : error LNK2001: unresolved external symbol "public: __cdecl sf::Vertex::Vertex(class sf::Vector2<float> const &,class sf::Color const &)" (??0Vertex@sf@@QEAA@AEBV?$Vector2@M@1@AEBVColor@1@@Z)
DuskComet.lib(Panel.obj) : error LNK2019: unresolved external symbol "public: void __cdecl sf::VertexArray::clear(void)" (?clear@VertexArray@sf@@QEAAXXZ) referenced in function "public: void __cdecl dc::Panel::update(void)" (?update@Panel@dc@@QEAAXXZ)
DuskComet.lib(Button.obj) : error LNK2001: unresolved external symbol "public: void __cdecl sf::VertexArray::clear(void)" (?clear@VertexArray@sf@@QEAAXXZ)
DuskComet.lib(Panel.obj) : error LNK2019: unresolved external symbol "public: void __cdecl sf::VertexArray::append(class sf::Vertex const &)" (?append@VertexArray@sf@@QEAAXAEBVVertex@2@@Z) referenced in function "public: void __cdecl dc::Panel::update(void)" (?update@Panel@dc@@QEAAXXZ)
DuskComet.lib(Button.obj) : error LNK2001: unresolved external symbol "public: void __cdecl sf::VertexArray::append(class sf::Vertex const &)" (?append@VertexArray@sf@@QEAAXAEBVVertex@2@@Z)
DuskComet.lib(Panel.obj) : error LNK2019: unresolved external symbol "public: void __cdecl sf::RenderTarget::draw(class sf::Drawable const &,class sf::RenderStates const &)" (?draw@RenderTarget@sf@@QEAAXAEBVDrawable@2@AEBVRenderStates@2@@Z) referenced in function "public: virtual void __cdecl dc::Panel::draw(class sf::RenderTarget &,class sf::RenderStates)const " (?draw@Panel@dc@@UEBAXAEAVRenderTarget@sf@@VRenderStates@4@@Z)
DuskComet.lib(GameWindow.obj) : error LNK2001: unresolved external symbol "public: void __cdecl sf::RenderTarget::draw(class sf::Drawable const &,class sf::RenderStates const &)" (?draw@RenderTarget@sf@@QEAAXAEBVDrawable@2@AEBVRenderStates@2@@Z)
DuskComet.lib(Button.obj) : error LNK2001: unresolved external symbol "public: void __cdecl sf::RenderTarget::draw(class sf::Drawable const &,class sf::RenderStates const &)" (?draw@RenderTarget@sf@@QEAAXAEBVDrawable@2@AEBVRenderStates@2@@Z)
DuskComet.lib(Panel.obj) : error LNK2001: unresolved external symbol "public: static class sf::RenderStates const sf::RenderStates::Default" (?Default@RenderStates@sf@@2V12@B)
DuskComet.lib(GameWindow.obj) : error LNK2001: unresolved external symbol "public: static class sf::RenderStates const sf::RenderStates::Default" (?Default@RenderStates@sf@@2V12@B)
DuskComet.lib(Button.obj) : error LNK2001: unresolved external symbol "public: static class sf::RenderStates const sf::RenderStates::Default" (?Default@RenderStates@sf@@2V12@B)
DuskComet.lib(GameWindow.obj) : error LNK2019: unresolved external symbol "public: __cdecl sf::String::String(class std::basic_string<char,struct std::char_traits<char>,class std::allocator<char> > const &,class std::locale const &)" (??0String@sf@@QEAA@AEBV?$basic_string@DU?$char_traits@D@std@@V?$allocator@D@2@@std@@AEBVlocale@3@@Z) referenced in function "private: void __cdecl dc::GameWindow::createSFRenderWindow(void)" (?createSFRenderWindow@GameWindow@dc@@AEAAXXZ)
DuskComet.lib(GameWindow.obj) : error LNK2019: unresolved external symbol "public: __cdecl sf::VideoMode::VideoMode(unsigned int,unsigned int,unsigned int)" (??0VideoMode@sf@@QEAA@III@Z) referenced in function "private: void __cdecl dc::GameWindow::createSFRenderWindow(void)" (?createSFRenderWindow@GameWindow@dc@@AEAAXXZ)
DuskComet.lib(GameWindow.obj) : error LNK2019: unresolved external symbol "public: void __cdecl sf::Window::create(class sf::VideoMode,class sf::String const &,unsigned int,struct sf::ContextSettings const &)" (?create@Window@sf@@QEAAXVVideoMode@2@AEBVString@2@IAEBUContextSettings@2@@Z) referenced in function "private: void __cdecl dc::GameWindow::createSFRenderWindow(void)" (?createSFRenderWindow@GameWindow@dc@@AEAAXXZ)
DuskComet.lib(GameWindow.obj) : error LNK2019: unresolved external symbol "public: void __cdecl sf::Window::close(void)" (?close@Window@sf@@QEAAXXZ) referenced in function "public: void __cdecl dc::GameWindow::setWindowIsOpen(bool const &)" (?setWindowIsOpen@GameWindow@dc@@QEAAXAEB_N@Z)
DuskComet.lib(GameWindow.obj) : error LNK2019: unresolved external symbol "public: bool __cdecl sf::Window::isOpen(void)const " (?isOpen@Window@sf@@QEBA_NXZ) referenced in function "public: bool __cdecl dc::GameWindow::getWindowIsOpen(void)" (?getWindowIsOpen@GameWindow@dc@@QEAA_NXZ)
DuskComet.lib(GameWindow.obj) : error LNK2019: unresolved external symbol "public: bool __cdecl sf::Window::pollEvent(class sf::Event &)" (?pollEvent@Window@sf@@QEAA_NAEAVEvent@2@@Z) referenced in function "public: void __cdecl dc::GameWindow::run(void)" (?run@GameWindow@dc@@QEAAXXZ)
DuskComet.lib(GameWindow.obj) : error LNK2019: unresolved external symbol "public: void __cdecl sf::Window::setSize(class sf::Vector2<unsigned int> const &)" (?setSize@Window@sf@@QEAAXAEBV?$Vector2@I@2@@Z) referenced in function "public: void __cdecl dc::GameWindow::setWindowSize(struct dc::Vector2<unsigned int> const &)" (?setWindowSize@GameWindow@dc@@QEAAXAEBU?$Vector2@I@2@@Z)
DuskComet.lib(GameWindow.obj) : error LNK2019: unresolved external symbol "public: void __cdecl sf::Window::setTitle(class sf::String const &)" (?setTitle@Window@sf@@QEAAXAEBVString@2@@Z) referenced in function "public: void __cdecl dc::GameWindow::setWindowTitle(class std::basic_string<char,struct std::char_traits<char>,class std::allocator<char> > const &)" (?setWindowTitle@GameWindow@dc@@QEAAXAEBV?$basic_string@DU?$char_traits@D@std@@V?$allocator@D@2@@std@@@Z)
DuskComet.lib(GameWindow.obj) : error LNK2019: unresolved external symbol "public: void __cdecl sf::Window::display(void)" (?display@Window@sf@@QEAAXXZ) referenced in function "public: void __cdecl dc::GameWindow::run(void)" (?run@GameWindow@dc@@QEAAXXZ)
DuskComet.lib(GameWindow.obj) : error LNK2019: unresolved external symbol "public: bool __cdecl sf::Font::loadFromMemory(void const *,unsigned __int64)" (?loadFromMemory@Font@sf@@QEAA_NPEBX_K@Z) referenced in function "public: bool __cdecl dc::GameWindow::initialize(void)" (?initialize@GameWindow@dc@@QEAA_NXZ)
DuskComet.lib(GameWindow.obj) : error LNK2019: unresolved external symbol "public: __cdecl sf::View::View(class sf::Rect<float> const &)" (??0View@sf@@QEAA@AEBV?$Rect@M@1@@Z) referenced in function "public: void __cdecl dc::GameWindow::setWindowSize(struct dc::Vector2<unsigned int> const &)" (?setWindowSize@GameWindow@dc@@QEAAXAEBU?$Vector2@I@2@@Z)
DuskComet.lib(GameWindow.obj) : error LNK2019: unresolved external symbol "public: void __cdecl sf::RenderTarget::clear(class sf::Color const &)" (?clear@RenderTarget@sf@@QEAAXAEBVColor@2@@Z) referenced in function "public: void __cdecl dc::GameWindow::run(void)" (?run@GameWindow@dc@@QEAAXXZ)
DuskComet.lib(GameWindow.obj) : error LNK2019: unresolved external symbol "public: void __cdecl sf::RenderTarget::setView(class sf::View const &)" (?setView@RenderTarget@sf@@QEAAXAEBVView@2@@Z) referenced in function "public: void __cdecl dc::GameWindow::setWindowSize(struct dc::Vector2<unsigned int> const &)" (?setWindowSize@GameWindow@dc@@QEAAXAEBU?$Vector2@I@2@@Z)
DuskComet.lib(GameWindow.obj) : error LNK2019: unresolved external symbol "public: __cdecl sf::RenderWindow::RenderWindow(void)" (??0RenderWindow@sf@@QEAA@XZ) referenced in function "class std::unique_ptr<class sf::RenderWindow,struct std::default_delete<class sf::RenderWindow> > __cdecl std::make_unique<class sf::RenderWindow,0>(void)" (??$make_unique@VRenderWindow@sf@@$$V$0A@@std@@YA?AV?$unique_ptr@VRenderWindow@sf@@U?$default_delete@VRenderWindow@sf@@@std@@@0@XZ)
DuskComet.lib(GameWindow.obj) : error LNK2019: unresolved external symbol "public: void __cdecl sf::Text::setString(class sf::String const &)" (?setString@Text@sf@@QEAAXAEBVString@2@@Z) referenced in function "public: void __cdecl dc::GameWindow::run(void)" (?run@GameWindow@dc@@QEAAXXZ)
DuskComet.lib(Button.obj) : error LNK2001: unresolved external symbol "public: void __cdecl sf::Text::setString(class sf::String const &)" (?setString@Text@sf@@QEAAXAEBVString@2@@Z)
DuskComet.lib(GameWindow.obj) : error LNK2019: unresolved external symbol "public: void __cdecl sf::Text::setFont(class sf::Font const &)" (?setFont@Text@sf@@QEAAXAEBVFont@2@@Z) referenced in function "public: bool __cdecl dc::GameWindow::initialize(void)" (?initialize@GameWindow@dc@@QEAA_NXZ)
DuskComet.lib(Button.obj) : error LNK2001: unresolved external symbol "public: void __cdecl sf::Text::setFont(class sf::Font const &)" (?setFont@Text@sf@@QEAAXAEBVFont@2@@Z)
DuskComet.lib(GameWindow.obj) : error LNK2019: unresolved external symbol "public: void __cdecl sf::Text::setCharacterSize(unsigned int)" (?setCharacterSize@Text@sf@@QEAAXI@Z) referenced in function "public: bool __cdecl dc::GameWindow::initialize(void)" (?initialize@GameWindow@dc@@QEAA_NXZ)
DuskComet.lib(Button.obj) : error LNK2001: unresolved external symbol "public: void __cdecl sf::Text::setCharacterSize(unsigned int)" (?setCharacterSize@Text@sf@@QEAAXI@Z)
DuskComet.lib(Button.obj) : error LNK2019: unresolved external symbol "public: __cdecl sf::String::String(char const *,class std::locale const &)" (??0String@sf@@QEAA@PEBDAEBVlocale@std@@@Z) referenced in function "public: __cdecl dc::Button::Button(void)" (??0Button@dc@@QEAA@XZ)
DuskComet.lib(Button.obj) : error LNK2019: unresolved external symbol "public: void __cdecl sf::Transformable::setPosition(float,float)" (?setPosition@Transformable@sf@@QEAAXMM@Z) referenced in function "public: virtual void __cdecl dc::Button::onUpdate(class dc::GUIEventArgs)" (?onUpdate@Button@dc@@UEAAXVGUIEventArgs@2@@Z)
DuskComet.lib(Button.obj) : error LNK2019: unresolved external symbol "public: class sf::Rect<float> __cdecl sf::Text::getLocalBounds(void)const " (?getLocalBounds@Text@sf@@QEBA?AV?$Rect@M@2@XZ) referenced in function "public: __cdecl dc::Button::Button(void)" (??0Button@dc@@QEAA@XZ)
C:\Users\angel\Documents\GitHub\Engine\Dusk-Comet-Engine\Dusk Comet Engine API Wrapper\..\zlib\lib\\libz-static.lib : warning LNK4272: library machine type 'x86' conflicts with target machine type 'x64'
C:\Users\angel\Documents\GitHub\Engine\Dusk-Comet-Engine\Dusk Comet Engine API Wrapper\..\SFML-2.5.1\lib\\sfml-graphics-s-d.lib : warning LNK4272: library machine type 'x86' conflicts with target machine type 'x64'
C:\Users\angel\Documents\GitHub\Engine\Dusk-Comet-Engine\Dusk Comet Engine API Wrapper\..\SFML-2.5.1\lib\\freetype.lib : warning LNK4272: library machine type 'x86' conflicts with target machine type 'x64'
C:\Users\angel\Documents\GitHub\Engine\Dusk-Comet-Engine\Dusk Comet Engine API Wrapper\..\SFML-2.5.1\lib\\sfml-window-s-d.lib : warning LNK4272: library machine type 'x86' conflicts with target machine type 'x64'
C:\Users\angel\Documents\GitHub\Engine\Dusk-Comet-Engine\Dusk Comet Engine API Wrapper\..\SFML-2.5.1\lib\\sfml-audio-s-d.lib : warning LNK4272: library machine type 'x86' conflicts with target machine type 'x64'
C:\Users\angel\Documents\GitHub\Engine\Dusk-Comet-Engine\Dusk Comet Engine API Wrapper\..\SFML-2.5.1\lib\\openal32.lib : warning LNK4272: library machine type 'x86' conflicts with target machine type 'x64'
C:\Users\angel\Documents\GitHub\Engine\Dusk-Comet-Engine\Dusk Comet Engine API Wrapper\..\SFML-2.5.1\lib\\flac.lib : warning LNK4272: library machine type 'x86' conflicts with target machine type 'x64'
C:\Users\angel\Documents\GitHub\Engine\Dusk-Comet-Engine\Dusk Comet Engine API Wrapper\..\SFML-2.5.1\lib\\vorbisenc.lib : warning LNK4272: library machine type 'x86' conflicts with target machine type 'x64'
C:\Users\angel\Documents\GitHub\Engine\Dusk-Comet-Engine\Dusk Comet Engine API Wrapper\..\SFML-2.5.1\lib\\vorbisfile.lib : warning LNK4272: library machine type 'x86' conflicts with target machine type 'x64'
C:\Users\angel\Documents\GitHub\Engine\Dusk-Comet-Engine\Dusk Comet Engine API Wrapper\..\SFML-2.5.1\lib\\vorbis.lib : warning LNK4272: library machine type 'x86' conflicts with target machine type 'x64'
C:\Users\angel\Documents\GitHub\Engine\Dusk-Comet-Engine\Dusk Comet Engine API Wrapper\..\SFML-2.5.1\lib\\ogg.lib : warning LNK4272: library machine type 'x86' conflicts with target machine type 'x64'
C:\Users\angel\Documents\GitHub\Engine\Dusk-Comet-Engine\Dusk Comet Engine API Wrapper\..\SFML-2.5.1\lib\\sfml-system-s-d.lib : warning LNK4272: library machine type 'x86' conflicts with target machine type 'x64'
C:\Users\angel\Documents\GitHub\Engine\Dusk-Comet-Engine\Dusk Comet Engine API Wrapper\x64\Debug\Dusk Comet Engine API Wrapper.dll : fatal error LNK1120: 34 unresolved externals
