  RPG Game.cpp
C:\Users\angel\Documents\GitHub\Engine\Dusk-Comet-Engine\RPG Game\RPG Game.cpp(25,16): warning C4101: 'temp': unreferenced local variable
DuskComet.lib(ThreadLocalImpl.cpp.obj) : warning LNK4099: PDB 'sfml-system-s-d.pdb' was not found with 'DuskComet.lib(ThreadLocalImpl.cpp.obj)' or at 'C:\Users\angel\Documents\GitHub\Engine\Dusk-Comet-Engine\RPG Game\Debug\sfml-system-s-d.pdb'; linking object as if no debug info
DuskComet.lib(SleepImpl.cpp.obj) : warning LNK4099: PDB 'sfml-system-s-d.pdb' was not found with 'DuskComet.lib(SleepImpl.cpp.obj)' or at 'C:\Users\angel\Documents\GitHub\Engine\Dusk-Comet-Engine\RPG Game\Debug\sfml-system-s-d.pdb'; linking object as if no debug info
DuskComet.lib(MutexImpl.cpp.obj) : warning LNK4099: PDB 'sfml-system-s-d.pdb' was not found with 'DuskComet.lib(MutexImpl.cpp.obj)' or at 'C:\Users\angel\Documents\GitHub\Engine\Dusk-Comet-Engine\RPG Game\Debug\sfml-system-s-d.pdb'; linking object as if no debug info
DuskComet.lib(ClockImpl.cpp.obj) : warning LNK4099: PDB 'sfml-system-s-d.pdb' was not found with 'DuskComet.lib(ClockImpl.cpp.obj)' or at 'C:\Users\angel\Documents\GitHub\Engine\Dusk-Comet-Engine\RPG Game\Debug\sfml-system-s-d.pdb'; linking object as if no debug info
DuskComet.lib(Time.cpp.obj) : warning LNK4099: PDB 'sfml-system-s-d.pdb' was not found with 'DuskComet.lib(Time.cpp.obj)' or at 'C:\Users\angel\Documents\GitHub\Engine\Dusk-Comet-Engine\RPG Game\Debug\sfml-system-s-d.pdb'; linking object as if no debug info
DuskComet.lib(ThreadLocal.cpp.obj) : warning LNK4099: PDB 'sfml-system-s-d.pdb' was not found with 'DuskComet.lib(ThreadLocal.cpp.obj)' or at 'C:\Users\angel\Documents\GitHub\Engine\Dusk-Comet-Engine\RPG Game\Debug\sfml-system-s-d.pdb'; linking object as if no debug info
DuskComet.lib(String.cpp.obj) : warning LNK4099: PDB 'sfml-system-s-d.pdb' was not found with 'DuskComet.lib(String.cpp.obj)' or at 'C:\Users\angel\Documents\GitHub\Engine\Dusk-Comet-Engine\RPG Game\Debug\sfml-system-s-d.pdb'; linking object as if no debug info
DuskComet.lib(Sleep.cpp.obj) : warning LNK4099: PDB 'sfml-system-s-d.pdb' was not found with 'DuskComet.lib(Sleep.cpp.obj)' or at 'C:\Users\angel\Documents\GitHub\Engine\Dusk-Comet-Engine\RPG Game\Debug\sfml-system-s-d.pdb'; linking object as if no debug info
DuskComet.lib(Mutex.cpp.obj) : warning LNK4099: PDB 'sfml-system-s-d.pdb' was not found with 'DuskComet.lib(Mutex.cpp.obj)' or at 'C:\Users\angel\Documents\GitHub\Engine\Dusk-Comet-Engine\RPG Game\Debug\sfml-system-s-d.pdb'; linking object as if no debug info
DuskComet.lib(Lock.cpp.obj) : warning LNK4099: PDB 'sfml-system-s-d.pdb' was not found with 'DuskComet.lib(Lock.cpp.obj)' or at 'C:\Users\angel\Documents\GitHub\Engine\Dusk-Comet-Engine\RPG Game\Debug\sfml-system-s-d.pdb'; linking object as if no debug info
DuskComet.lib(Err.cpp.obj) : warning LNK4099: PDB 'sfml-system-s-d.pdb' was not found with 'DuskComet.lib(Err.cpp.obj)' or at 'C:\Users\angel\Documents\GitHub\Engine\Dusk-Comet-Engine\RPG Game\Debug\sfml-system-s-d.pdb'; linking object as if no debug info
DuskComet.lib(Clock.cpp.obj) : warning LNK4099: PDB 'sfml-system-s-d.pdb' was not found with 'DuskComet.lib(Clock.cpp.obj)' or at 'C:\Users\angel\Documents\GitHub\Engine\Dusk-Comet-Engine\RPG Game\Debug\sfml-system-s-d.pdb'; linking object as if no debug info
DuskComet.lib(WindowImplWin32.cpp.obj) : warning LNK4099: PDB 'sfml-window-s-d.pdb' was not found with 'DuskComet.lib(WindowImplWin32.cpp.obj)' or at 'C:\Users\angel\Documents\GitHub\Engine\Dusk-Comet-Engine\RPG Game\Debug\sfml-window-s-d.pdb'; linking object as if no debug info
DuskComet.lib(VideoModeImpl.cpp.obj) : warning LNK4099: PDB 'sfml-window-s-d.pdb' was not found with 'DuskComet.lib(VideoModeImpl.cpp.obj)' or at 'C:\Users\angel\Documents\GitHub\Engine\Dusk-Comet-Engine\RPG Game\Debug\sfml-window-s-d.pdb'; linking object as if no debug info
DuskComet.lib(SensorImpl.cpp.obj) : warning LNK4099: PDB 'sfml-window-s-d.pdb' was not found with 'DuskComet.lib(SensorImpl.cpp.obj)' or at 'C:\Users\angel\Documents\GitHub\Engine\Dusk-Comet-Engine\RPG Game\Debug\sfml-window-s-d.pdb'; linking object as if no debug info
DuskComet.lib(JoystickImpl.cpp.obj) : warning LNK4099: PDB 'sfml-window-s-d.pdb' was not found with 'DuskComet.lib(JoystickImpl.cpp.obj)' or at 'C:\Users\angel\Documents\GitHub\Engine\Dusk-Comet-Engine\RPG Game\Debug\sfml-window-s-d.pdb'; linking object as if no debug info
DuskComet.lib(InputImpl.cpp.obj) : warning LNK4099: PDB 'sfml-window-s-d.pdb' was not found with 'DuskComet.lib(InputImpl.cpp.obj)' or at 'C:\Users\angel\Documents\GitHub\Engine\Dusk-Comet-Engine\RPG Game\Debug\sfml-window-s-d.pdb'; linking object as if no debug info
DuskComet.lib(WglExtensions.cpp.obj) : warning LNK4099: PDB 'sfml-window-s-d.pdb' was not found with 'DuskComet.lib(WglExtensions.cpp.obj)' or at 'C:\Users\angel\Documents\GitHub\Engine\Dusk-Comet-Engine\RPG Game\Debug\sfml-window-s-d.pdb'; linking object as if no debug info
DuskComet.lib(WglContext.cpp.obj) : warning LNK4099: PDB 'sfml-window-s-d.pdb' was not found with 'DuskComet.lib(WglContext.cpp.obj)' or at 'C:\Users\angel\Documents\GitHub\Engine\Dusk-Comet-Engine\RPG Game\Debug\sfml-window-s-d.pdb'; linking object as if no debug info
DuskComet.lib(ClipboardImpl.cpp.obj) : warning LNK4099: PDB 'sfml-window-s-d.pdb' was not found with 'DuskComet.lib(ClipboardImpl.cpp.obj)' or at 'C:\Users\angel\Documents\GitHub\Engine\Dusk-Comet-Engine\RPG Game\Debug\sfml-window-s-d.pdb'; linking object as if no debug info
DuskComet.lib(CursorImpl.cpp.obj) : warning LNK4099: PDB 'sfml-window-s-d.pdb' was not found with 'DuskComet.lib(CursorImpl.cpp.obj)' or at 'C:\Users\angel\Documents\GitHub\Engine\Dusk-Comet-Engine\RPG Game\Debug\sfml-window-s-d.pdb'; linking object as if no debug info
DuskComet.lib(WindowImpl.cpp.obj) : warning LNK4099: PDB 'sfml-window-s-d.pdb' was not found with 'DuskComet.lib(WindowImpl.cpp.obj)' or at 'C:\Users\angel\Documents\GitHub\Engine\Dusk-Comet-Engine\RPG Game\Debug\sfml-window-s-d.pdb'; linking object as if no debug info
DuskComet.lib(Window.cpp.obj) : warning LNK4099: PDB 'sfml-window-s-d.pdb' was not found with 'DuskComet.lib(Window.cpp.obj)' or at 'C:\Users\angel\Documents\GitHub\Engine\Dusk-Comet-Engine\RPG Game\Debug\sfml-window-s-d.pdb'; linking object as if no debug info
DuskComet.lib(VideoMode.cpp.obj) : warning LNK4099: PDB 'sfml-window-s-d.pdb' was not found with 'DuskComet.lib(VideoMode.cpp.obj)' or at 'C:\Users\angel\Documents\GitHub\Engine\Dusk-Comet-Engine\RPG Game\Debug\sfml-window-s-d.pdb'; linking object as if no debug info
DuskComet.lib(SensorManager.cpp.obj) : warning LNK4099: PDB 'sfml-window-s-d.pdb' was not found with 'DuskComet.lib(SensorManager.cpp.obj)' or at 'C:\Users\angel\Documents\GitHub\Engine\Dusk-Comet-Engine\RPG Game\Debug\sfml-window-s-d.pdb'; linking object as if no debug info
DuskComet.lib(Touch.cpp.obj) : warning LNK4099: PDB 'sfml-window-s-d.pdb' was not found with 'DuskComet.lib(Touch.cpp.obj)' or at 'C:\Users\angel\Documents\GitHub\Engine\Dusk-Comet-Engine\RPG Game\Debug\sfml-window-s-d.pdb'; linking object as if no debug info
DuskComet.lib(Mouse.cpp.obj) : warning LNK4099: PDB 'sfml-window-s-d.pdb' was not found with 'DuskComet.lib(Mouse.cpp.obj)' or at 'C:\Users\angel\Documents\GitHub\Engine\Dusk-Comet-Engine\RPG Game\Debug\sfml-window-s-d.pdb'; linking object as if no debug info
DuskComet.lib(JoystickManager.cpp.obj) : warning LNK4099: PDB 'sfml-window-s-d.pdb' was not found with 'DuskComet.lib(JoystickManager.cpp.obj)' or at 'C:\Users\angel\Documents\GitHub\Engine\Dusk-Comet-Engine\RPG Game\Debug\sfml-window-s-d.pdb'; linking object as if no debug info
DuskComet.lib(Joystick.cpp.obj) : warning LNK4099: PDB 'sfml-window-s-d.pdb' was not found with 'DuskComet.lib(Joystick.cpp.obj)' or at 'C:\Users\angel\Documents\GitHub\Engine\Dusk-Comet-Engine\RPG Game\Debug\sfml-window-s-d.pdb'; linking object as if no debug info
DuskComet.lib(GlResource.cpp.obj) : warning LNK4099: PDB 'sfml-window-s-d.pdb' was not found with 'DuskComet.lib(GlResource.cpp.obj)' or at 'C:\Users\angel\Documents\GitHub\Engine\Dusk-Comet-Engine\RPG Game\Debug\sfml-window-s-d.pdb'; linking object as if no debug info
DuskComet.lib(GlContext.cpp.obj) : warning LNK4099: PDB 'sfml-window-s-d.pdb' was not found with 'DuskComet.lib(GlContext.cpp.obj)' or at 'C:\Users\angel\Documents\GitHub\Engine\Dusk-Comet-Engine\RPG Game\Debug\sfml-window-s-d.pdb'; linking object as if no debug info
DuskComet.lib(Cursor.cpp.obj) : warning LNK4099: PDB 'sfml-window-s-d.pdb' was not found with 'DuskComet.lib(Cursor.cpp.obj)' or at 'C:\Users\angel\Documents\GitHub\Engine\Dusk-Comet-Engine\RPG Game\Debug\sfml-window-s-d.pdb'; linking object as if no debug info
DuskComet.lib(Context.cpp.obj) : warning LNK4099: PDB 'sfml-window-s-d.pdb' was not found with 'DuskComet.lib(Context.cpp.obj)' or at 'C:\Users\angel\Documents\GitHub\Engine\Dusk-Comet-Engine\RPG Game\Debug\sfml-window-s-d.pdb'; linking object as if no debug info
DuskComet.lib(Clipboard.cpp.obj) : warning LNK4099: PDB 'sfml-window-s-d.pdb' was not found with 'DuskComet.lib(Clipboard.cpp.obj)' or at 'C:\Users\angel\Documents\GitHub\Engine\Dusk-Comet-Engine\RPG Game\Debug\sfml-window-s-d.pdb'; linking object as if no debug info
DuskComet.lib(RenderTextureImplDefault.cpp.obj) : warning LNK4099: PDB 'sfml-graphics-s-d.pdb' was not found with 'DuskComet.lib(RenderTextureImplDefault.cpp.obj)' or at 'C:\Users\angel\Documents\GitHub\Engine\Dusk-Comet-Engine\RPG Game\Debug\sfml-graphics-s-d.pdb'; linking object as if no debug info
DuskComet.lib(RenderTextureImplFBO.cpp.obj) : warning LNK4099: PDB 'sfml-graphics-s-d.pdb' was not found with 'DuskComet.lib(RenderTextureImplFBO.cpp.obj)' or at 'C:\Users\angel\Documents\GitHub\Engine\Dusk-Comet-Engine\RPG Game\Debug\sfml-graphics-s-d.pdb'; linking object as if no debug info
DuskComet.lib(RenderTextureImpl.cpp.obj) : warning LNK4099: PDB 'sfml-graphics-s-d.pdb' was not found with 'DuskComet.lib(RenderTextureImpl.cpp.obj)' or at 'C:\Users\angel\Documents\GitHub\Engine\Dusk-Comet-Engine\RPG Game\Debug\sfml-graphics-s-d.pdb'; linking object as if no debug info
DuskComet.lib(VertexBuffer.cpp.obj) : warning LNK4099: PDB 'sfml-graphics-s-d.pdb' was not found with 'DuskComet.lib(VertexBuffer.cpp.obj)' or at 'C:\Users\angel\Documents\GitHub\Engine\Dusk-Comet-Engine\RPG Game\Debug\sfml-graphics-s-d.pdb'; linking object as if no debug info
DuskComet.lib(VertexArray.cpp.obj) : warning LNK4099: PDB 'sfml-graphics-s-d.pdb' was not found with 'DuskComet.lib(VertexArray.cpp.obj)' or at 'C:\Users\angel\Documents\GitHub\Engine\Dusk-Comet-Engine\RPG Game\Debug\sfml-graphics-s-d.pdb'; linking object as if no debug info
DuskComet.lib(Text.cpp.obj) : warning LNK4099: PDB 'sfml-graphics-s-d.pdb' was not found with 'DuskComet.lib(Text.cpp.obj)' or at 'C:\Users\angel\Documents\GitHub\Engine\Dusk-Comet-Engine\RPG Game\Debug\sfml-graphics-s-d.pdb'; linking object as if no debug info
DuskComet.lib(Sprite.cpp.obj) : warning LNK4099: PDB 'sfml-graphics-s-d.pdb' was not found with 'DuskComet.lib(Sprite.cpp.obj)' or at 'C:\Users\angel\Documents\GitHub\Engine\Dusk-Comet-Engine\RPG Game\Debug\sfml-graphics-s-d.pdb'; linking object as if no debug info
DuskComet.lib(GLLoader.cpp.obj) : warning LNK4099: PDB 'sfml-graphics-s-d.pdb' was not found with 'DuskComet.lib(GLLoader.cpp.obj)' or at 'C:\Users\angel\Documents\GitHub\Engine\Dusk-Comet-Engine\RPG Game\Debug\sfml-graphics-s-d.pdb'; linking object as if no debug info
DuskComet.lib(Vertex.cpp.obj) : warning LNK4099: PDB 'sfml-graphics-s-d.pdb' was not found with 'DuskComet.lib(Vertex.cpp.obj)' or at 'C:\Users\angel\Documents\GitHub\Engine\Dusk-Comet-Engine\RPG Game\Debug\sfml-graphics-s-d.pdb'; linking object as if no debug info
DuskComet.lib(View.cpp.obj) : warning LNK4099: PDB 'sfml-graphics-s-d.pdb' was not found with 'DuskComet.lib(View.cpp.obj)' or at 'C:\Users\angel\Documents\GitHub\Engine\Dusk-Comet-Engine\RPG Game\Debug\sfml-graphics-s-d.pdb'; linking object as if no debug info
DuskComet.lib(Transformable.cpp.obj) : warning LNK4099: PDB 'sfml-graphics-s-d.pdb' was not found with 'DuskComet.lib(Transformable.cpp.obj)' or at 'C:\Users\angel\Documents\GitHub\Engine\Dusk-Comet-Engine\RPG Game\Debug\sfml-graphics-s-d.pdb'; linking object as if no debug info
DuskComet.lib(Transform.cpp.obj) : warning LNK4099: PDB 'sfml-graphics-s-d.pdb' was not found with 'DuskComet.lib(Transform.cpp.obj)' or at 'C:\Users\angel\Documents\GitHub\Engine\Dusk-Comet-Engine\RPG Game\Debug\sfml-graphics-s-d.pdb'; linking object as if no debug info
DuskComet.lib(TextureSaver.cpp.obj) : warning LNK4099: PDB 'sfml-graphics-s-d.pdb' was not found with 'DuskComet.lib(TextureSaver.cpp.obj)' or at 'C:\Users\angel\Documents\GitHub\Engine\Dusk-Comet-Engine\RPG Game\Debug\sfml-graphics-s-d.pdb'; linking object as if no debug info
DuskComet.lib(Texture.cpp.obj) : warning LNK4099: PDB 'sfml-graphics-s-d.pdb' was not found with 'DuskComet.lib(Texture.cpp.obj)' or at 'C:\Users\angel\Documents\GitHub\Engine\Dusk-Comet-Engine\RPG Game\Debug\sfml-graphics-s-d.pdb'; linking object as if no debug info
DuskComet.lib(Shader.cpp.obj) : warning LNK4099: PDB 'sfml-graphics-s-d.pdb' was not found with 'DuskComet.lib(Shader.cpp.obj)' or at 'C:\Users\angel\Documents\GitHub\Engine\Dusk-Comet-Engine\RPG Game\Debug\sfml-graphics-s-d.pdb'; linking object as if no debug info
DuskComet.lib(RenderWindow.cpp.obj) : warning LNK4099: PDB 'sfml-graphics-s-d.pdb' was not found with 'DuskComet.lib(RenderWindow.cpp.obj)' or at 'C:\Users\angel\Documents\GitHub\Engine\Dusk-Comet-Engine\RPG Game\Debug\sfml-graphics-s-d.pdb'; linking object as if no debug info
DuskComet.lib(RenderTarget.cpp.obj) : warning LNK4099: PDB 'sfml-graphics-s-d.pdb' was not found with 'DuskComet.lib(RenderTarget.cpp.obj)' or at 'C:\Users\angel\Documents\GitHub\Engine\Dusk-Comet-Engine\RPG Game\Debug\sfml-graphics-s-d.pdb'; linking object as if no debug info
DuskComet.lib(RenderTexture.cpp.obj) : warning LNK4099: PDB 'sfml-graphics-s-d.pdb' was not found with 'DuskComet.lib(RenderTexture.cpp.obj)' or at 'C:\Users\angel\Documents\GitHub\Engine\Dusk-Comet-Engine\RPG Game\Debug\sfml-graphics-s-d.pdb'; linking object as if no debug info
DuskComet.lib(RenderStates.cpp.obj) : warning LNK4099: PDB 'sfml-graphics-s-d.pdb' was not found with 'DuskComet.lib(RenderStates.cpp.obj)' or at 'C:\Users\angel\Documents\GitHub\Engine\Dusk-Comet-Engine\RPG Game\Debug\sfml-graphics-s-d.pdb'; linking object as if no debug info
DuskComet.lib(ImageLoader.cpp.obj) : warning LNK4099: PDB 'sfml-graphics-s-d.pdb' was not found with 'DuskComet.lib(ImageLoader.cpp.obj)' or at 'C:\Users\angel\Documents\GitHub\Engine\Dusk-Comet-Engine\RPG Game\Debug\sfml-graphics-s-d.pdb'; linking object as if no debug info
DuskComet.lib(Image.cpp.obj) : warning LNK4099: PDB 'sfml-graphics-s-d.pdb' was not found with 'DuskComet.lib(Image.cpp.obj)' or at 'C:\Users\angel\Documents\GitHub\Engine\Dusk-Comet-Engine\RPG Game\Debug\sfml-graphics-s-d.pdb'; linking object as if no debug info
DuskComet.lib(GLExtensions.cpp.obj) : warning LNK4099: PDB 'sfml-graphics-s-d.pdb' was not found with 'DuskComet.lib(GLExtensions.cpp.obj)' or at 'C:\Users\angel\Documents\GitHub\Engine\Dusk-Comet-Engine\RPG Game\Debug\sfml-graphics-s-d.pdb'; linking object as if no debug info
DuskComet.lib(GLCheck.cpp.obj) : warning LNK4099: PDB 'sfml-graphics-s-d.pdb' was not found with 'DuskComet.lib(GLCheck.cpp.obj)' or at 'C:\Users\angel\Documents\GitHub\Engine\Dusk-Comet-Engine\RPG Game\Debug\sfml-graphics-s-d.pdb'; linking object as if no debug info
DuskComet.lib(Glsl.cpp.obj) : warning LNK4099: PDB 'sfml-graphics-s-d.pdb' was not found with 'DuskComet.lib(Glsl.cpp.obj)' or at 'C:\Users\angel\Documents\GitHub\Engine\Dusk-Comet-Engine\RPG Game\Debug\sfml-graphics-s-d.pdb'; linking object as if no debug info
DuskComet.lib(Font.cpp.obj) : warning LNK4099: PDB 'sfml-graphics-s-d.pdb' was not found with 'DuskComet.lib(Font.cpp.obj)' or at 'C:\Users\angel\Documents\GitHub\Engine\Dusk-Comet-Engine\RPG Game\Debug\sfml-graphics-s-d.pdb'; linking object as if no debug info
DuskComet.lib(Color.cpp.obj) : warning LNK4099: PDB 'sfml-graphics-s-d.pdb' was not found with 'DuskComet.lib(Color.cpp.obj)' or at 'C:\Users\angel\Documents\GitHub\Engine\Dusk-Comet-Engine\RPG Game\Debug\sfml-graphics-s-d.pdb'; linking object as if no debug info
DuskComet.lib(BlendMode.cpp.obj) : warning LNK4099: PDB 'sfml-graphics-s-d.pdb' was not found with 'DuskComet.lib(BlendMode.cpp.obj)' or at 'C:\Users\angel\Documents\GitHub\Engine\Dusk-Comet-Engine\RPG Game\Debug\sfml-graphics-s-d.pdb'; linking object as if no debug info
  RPG Game.vcxproj -> C:\Users\angel\Documents\GitHub\Engine\Dusk-Comet-Engine\RPG Game\Debug\RPG Game.exe
